2020-04-11 16:03:41,012 INFO FirstTest [main] Р”СЂР°Р№РІРµСЂ РїРѕРґРЅСЏС‚
2020-04-11 16:03:45,903 INFO FirstTest [main] РћС‚РєСЂС‹С‚Р° СЃС‚СЂР°РЅРёС†Р° РѕС‚СѓСЃ
2020-04-11 16:15:25,894 INFO FirstTest [main] Р”СЂР°Р№РІРµСЂ РЅР°С‡Р°Р» СЂР°Р±РѕС‚Р°С‚СЊ
2020-04-11 16:15:36,819 INFO FirstTest [main] РћС‚РєСЂС‹С‚Р° СЃС‚СЂР°РЅРёС†Р° РѕС‚СѓСЃ
2020-04-11 16:17:00,550 INFO FirstTest [main] Драйвер начал работать
2020-04-11 16:17:06,326 INFO FirstTest [main] Открыта страница отус
2020-04-11 16:20:05,888 INFO FirstTest [main] Р”СЂР°Р№РІРµСЂ РЅР°С‡Р°Р» СЂР°Р±РѕС‚Р°С‚СЊ
2020-04-11 16:20:09,466 INFO FirstTest [main] РћС‚РєСЂС‹С‚Р° СЃС‚СЂР°РЅРёС†Р° РѕС‚СѓСЃ
2020-04-11 16:20:53,977 INFO FirstTest [main] Драйвер начал работать
2020-04-11 16:20:59,037 INFO FirstTest [main] Открыта страница отус
2020-04-11 16:21:53,023 INFO FirstTest [main] Р”СЂР°Р№РІРµСЂ РЅР°С‡Р°Р» СЂР°Р±РѕС‚Р°С‚СЊ
2020-04-11 16:21:56,209 INFO FirstTest [main] РћС‚РєСЂС‹С‚Р° СЃС‚СЂР°РЅРёС†Р° РѕС‚СѓСЃ
2020-04-11 17:06:28,077 INFO FirstTest [main] Р”СЂР°Р№РІРµСЂ РЅР°С‡Р°Р» СЂР°Р±РѕС‚Р°С‚СЊ
2020-04-11 17:06:36,742 INFO FirstTest [main] РћС‚РєСЂС‹С‚Р° СЃС‚СЂР°РЅРёС†Р° РѕС‚СѓСЃ
2020-04-14 02:25:45,128 INFO FirstTest [main] Драйвер начал работать
2020-04-14 02:25:45,128 INFO FirstTest [main] Драйвер начал работать
2020-04-14 02:25:45,128 INFO FirstTest [main] Драйвер начал работать
2020-04-14 02:25:45,130 INFO FirstTest [main] Драйвер начал работать
2020-04-14 02:25:45,130 INFO FirstTest [main] Драйвер начал работать
2020-04-14 02:25:45,130 INFO FirstTest [main] Драйвер начал работать
2020-04-14 02:25:45,128 INFO FirstTest [main] Драйвер начал работать
2020-04-14 02:25:45,130 INFO FirstTest [main] Драйвер начал работать
2020-04-14 02:26:24,100 INFO FirstTest [main] Открыта страница отус
2020-04-14 02:26:27,460 INFO FirstTest [main] Открыта страница отус
2020-04-14 02:26:30,129 INFO FirstTest [main] Открыта страница отус
2020-04-14 02:26:32,155 INFO FirstTest [main] Открыта страница отус
2020-04-14 02:26:32,226 INFO FirstTest [main] Открыта страница отус
2020-04-14 02:26:32,226 INFO FirstTest [main] Открыта страница отус
2020-04-14 02:26:32,366 INFO FirstTest [main] Открыта страница отус
2020-04-14 02:26:32,371 INFO FirstTest [main] Открыта страница отус
2020-04-14 02:29:18,109 INFO FirstTest [main] Р”СЂР°Р№РІРµСЂ РЅР°С‡Р°Р» СЂР°Р±РѕС‚Р°С‚СЊ
2020-04-14 02:29:20,699 INFO FirstTest [main] РћС‚РєСЂС‹С‚Р° СЃС‚СЂР°РЅРёС†Р° РѕС‚СѓСЃ
